<?xml version="1.0" encoding="UTF-8"?>
<!-- Generated by org.testng.reporters.JUnitXMLReporter -->
<testsuite ignored="1" hostname="HoangHiep" failures="1" tests="2" name="Run on Chorme" time="39.958" errors="0" timestamp="20 Oct 2022 08:59:03 GMT">
  <testcase classname="hybrid.nopcommerce.user.NopCommerce_Sort" name="TC_01_Sort_Name_A_To_Z" time="0.0"/>
  <testcase classname="hybrid.nopcommerce.user.NopCommerce_Sort" name="TC_01_Sort_Name_A_To_Z" time="1.771">
    <failure type="java.lang.NullPointerException">
      <![CDATA[java.lang.NullPointerException
at reportConfig.ExtentTestListener.onTestSuccess(ExtentTestListener.java:37)
... Removed 26 stack frames]]>
    </failure>
  </testcase> <!-- TC_01_Sort_Name_A_To_Z -->
  <testcase classname="commons.BaseTest" name="@BeforeSuite initBeforeSuite" time="0.0">
    <ignored/>
  </testcase> <!-- @BeforeSuite initBeforeSuite -->
</testsuite> <!-- Run on Chorme -->
