<?xml version="1.0" encoding="UTF-8"?>
<!-- Generated by org.testng.reporters.JUnitXMLReporter -->
<testsuite ignored="0" hostname="HoangHiep" failures="1" tests="4" name="Run on Chorme" time="37.884" errors="0" timestamp="21 Oct 2022 04:52:16 GMT">
  <testcase classname="hybrid.nopcommerce.user.NopCommerce_Sort" name="TC_01_Sort_Name_A_To_Z" time="11.807"/>
  <testcase classname="hybrid.nopcommerce.user.NopCommerce_Sort" name="TC_02_Sort_Name_Z_To_A" time="4.514">
    <failure type="java.lang.AssertionError" message="expected [true] but found [false]">
      <![CDATA[java.lang.AssertionError: expected [true] but found [false]
at hybrid.nopcommerce.user.NopCommerce_Sort.TC_02_Sort_Name_Z_To_A(NopCommerce_Sort.java:63)
... Removed 33 stack frames]]>
    </failure>
  </testcase> <!-- TC_02_Sort_Name_Z_To_A -->
  <testcase classname="hybrid.nopcommerce.user.NopCommerce_Sort" name="TC_03_Sort_Price_Low_To_High" time="4.054"/>
  <testcase classname="hybrid.nopcommerce.user.NopCommerce_Sort" name="TC_04_Sort_Price_High_To_Low" time="4.112"/>
</testsuite> <!-- Run on Chorme -->
